20220806	10:20:24	fbc1505d-cfcb-4725-91d9-1ebee19644ae	GET	/	undefined
20220806	10:20:25	35673e42-2b1f-488e-b6c3-dbca53116f6b	GET	/css/style.css	undefined
20220806	10:20:25	4098b90a-f492-4bbb-8a4f-b2169d8d98e4	GET	/favicon.ico	undefined
20220806	10:22:15	711521f4-d846-4ebf-ae7f-4529a551e02d	GET	/	undefined
20220806	10:22:15	20323bad-3ab6-453f-8ac5-d26fb11e7859	GET	/css/style.css	undefined
20220806	10:22:16	df710dc1-7e69-4b3d-8c77-f56d345bbb98	GET	/favicon.ico	undefined
20220806	10:38:31	be7f5e5b-db1d-4ee1-9b4a-606caeeda241	GET	/	undefined
20220806	10:38:32	10a1906d-fa2c-4325-b38a-77ce5f5c64a8	GET	/css/style.css	undefined
20220806	10:38:32	d9870d0a-df98-4516-b745-884f526c20d1	GET	/favicon.ico	undefined
20220806	10:41:33	c6cc1fce-374d-4f31-b798-c5adf9267c48	GET	/	undefined
20220806	10:41:34	36aa5519-8a8f-4227-9ef1-1398ca403e9c	GET	/css/style.css	undefined
20220806	10:41:35	1cb2e238-140d-4076-89f6-0a07d03473b5	GET	/favicon.ico	undefined
20220806	10:43:36	1219fa9d-5edc-40a0-8621-98666f15a613	OPTIONS	/	https://www.google.de
20220806	10:43:36	4f100cb7-6e46-4b12-920b-bed604290f13	GET	/	https://www.google.de
20220806	10:44:45	23e9b0ce-ee71-4005-8ee9-8a78009a0e15	OPTIONS	/	https://www.google.de
20220806	10:44:46	4e209df0-8f05-4108-ab32-992f0c1c7955	GET	/	https://www.google.de
20220806	10:46:35	33880e06-bc26-4884-9e74-18aa105b9f32	OPTIONS	/	https://www.google.de
20220806	10:46:35	8c6e635e-6c0d-421d-a506-06ee45127611	GET	/	https://www.google.de
20220806	10:53:46	79647785-fdbb-4abf-9daf-c8465e196bd3	OPTIONS	/	https://www.google.de
20220806	10:53:47	ca1889a9-5cc6-4d81-8b86-0652e8588a2a	GET	/	https://www.google.de
20220806	11:14:59	f6f7eafe-26cd-4db0-ab03-cd12bad41e48	GET	/	undefined
20220806	11:15:00	f7489ad1-63e3-490b-99a7-9a1ccb90a854	GET	/css/style.css	undefined
20220806	11:15:01	964feddc-9c11-463c-8b6a-f20c37e101e8	GET	/favicon.ico	undefined
20220806	11:15:05	90512b82-0615-453d-9c0a-5e4af12afd2d	GET	/	undefined
20220806	11:15:06	a6121f52-5822-4b4b-883b-79e267d82aed	GET	/css/style.css	undefined
20220806	11:15:06	9bfdbbd7-806d-41d9-9435-0f0f8822f8cc	GET	/favicon.ico	undefined
20220806	11:17:24	b2d6bb85-0d14-47ff-80d7-a62a1ca6bd75	OPTIONS	/	https://www.google.de
20220806	11:17:24	f85ba2dc-07a8-44b0-9c68-43fcf3f674a3	GET	/	https://www.google.de
20220806	11:18:07	03ba9876-6377-4ae4-81dc-6b041f2033fc	OPTIONS	/	https://www.google.de
20220806	11:18:07	830baef0-f02f-4ce9-80a4-43e92c1aeb80	GET	/	https://www.google.de
20220806	11:19:08	0725df4a-4b8f-4198-a0c4-f2483e05d995	OPTIONS	/	https://www.google.de
20220806	11:19:08	04854860-411c-460e-8fe1-02e2e736c701	GET	/	https://www.google.de
20220806	11:27:13	0a7c1919-e494-478c-b0a7-7b5454aa2199	GET	/css/style.css	undefined
20220806	11:27:14	0f1d4930-266d-4e92-9222-8edfeab702c8	GET	/favicon.ico	undefined
20220806	11:27:25	b71e89cc-4615-45cf-8b07-211854ac6693	GET	/	undefined
20220806	11:27:25	0c36bfe9-3197-4a0a-90fa-a8091da2f57e	GET	/css/style.css	undefined
20220806	11:27:40	5a2a8ff3-6b1e-4a92-966e-0a814952e021	GET	/	undefined
20220806	11:29:20	e75ab655-d7c9-4899-9a73-c641666dd34a	OPTIONS	/	https://www.google.de
20220806	11:29:21	e7997dee-e298-47d7-ba4b-74f408aa532f	GET	/	https://www.google.de
20220806	11:30:05	8c6fd63e-e42f-4c44-8d9e-e24e9bb65c96	OPTIONS	/	https://www.google.de
20220806	11:30:05	fb03c226-f001-4a52-8d5b-ecc123207e99	GET	/	https://www.google.de
20220806	11:33:43	488e0495-c015-4aee-893f-35f2ec30ac52	GET	/css/style.css	undefined
20220806	11:33:43	fa80dcd9-c524-4e52-b37c-9ca4474f5175	GET	/favicon.ico	undefined
20220806	11:33:46	89dac158-6a88-41d5-9a07-52cdf0f99112	GET	/	undefined
20220806	11:33:46	00c43842-1cef-4903-9996-a53993ea876d	GET	/css/style.css	undefined
20220806	11:33:46	0d3488db-b7c3-417f-af24-660292ef6302	GET	/favicon.ico	undefined
